<?xml version="1.0" encoding="utf-8" ?>
<!DOCTYPE html PUBLIC "-//W3C//DTD XHTML 1.0 Strict//EN"
        "http://www.w3.org/TR/xhtml1/DTD/xhtml1-strict.dtd">
<html xmlns="http://www.w3.org/1999/xhtml" xml:lang="" lang="">
<head>
  <title>Test Results Report - Google Test run on firefox</title>
  <meta http-equiv="Content-Type" content="text/html;charset=utf-8" />
  <meta name="description" content="TestNG unit test results." />
  <link href="reportng.css" rel="stylesheet" type="text/css" />
    <script type="text/javascript" src="reportng.js"></script>
</head>
<body>
<h1>Google Test run on firefox</h1>
<p>
  Test duration: 213.462s
</p>



  <table class="resultsTable">
    <tr><th colspan="3" class="header failed">Failed Tests</th></tr>
          <tr>
        <td colspan="3" class="group">com.claritybot.test.LoginPageTest</td>
      </tr>
            
<tr>
  <td class="method">
                  failLoginForcefullyForReport
      </td>
  <td class="duration">
    50.068s
  </td>
  <td class="result">
        
          <i>Method arguments: </i><span class="arguments">{username=admin2, password=123abc123}</span><br />
    
            <div class="testOutput">
                        <h4>Repro Steps</h4><br>1. Enter invalid credentials<br>2. Click login button<br>3. Check for error message<br>
                                <a href=E:\workspace_Selenium\GSPANN_POC\test-output\screenshots\failLoginForcefullyForReport21_Mar_2018_04_26_36PM.png>screenshot</a><br>
                  </div>
    

        <a href="javascript:toggleElement('exception-0', 'block')" title="Click to expand/collapse"><b>org.openqa.selenium.TimeoutException: Expected condition failed: waiting for visibility of element located by By.xpath: //div[@class=&apos;header_user_info&apos;]/a (tried for 10 second(s) with 500 MILLISECONDS interval)</b></a><br />
    <div class="stackTrace" id="exception-0">
              org.openqa.selenium.support.ui.WebDriverWait.timeoutException(WebDriverWait.java:82)<br />
              org.openqa.selenium.support.ui.FluentWait.until(FluentWait.java:231)<br />
              com.claritybot.core.BasePage.waitForElementPresent(BasePage.java:67)<br />
              com.claritybot.core.BasePage.isElementPresent(BasePage.java:72)<br />
              com.claritybot.pages.HomePage.&lt;init&gt;(HomePage.java:15)<br />
              com.claritybot.core.BrowserInstance.appStart(BrowserInstance.java:92)<br />
              com.claritybot.test.LoginPageTest.failLoginForcefullyForReport(LoginPageTest.java:38)<br />
              sun.reflect.NativeMethodAccessorImpl.invoke0(Native Method)<br />
              sun.reflect.NativeMethodAccessorImpl.invoke(NativeMethodAccessorImpl.java:62)<br />
              sun.reflect.DelegatingMethodAccessorImpl.invoke(DelegatingMethodAccessorImpl.java:43)<br />
              java.lang.reflect.Method.invoke(Method.java:497)<br />
              org.testng.internal.MethodInvocationHelper.invokeMethod(MethodInvocationHelper.java:124)<br />
              org.testng.internal.Invoker.invokeMethod(Invoker.java:580)<br />
              org.testng.internal.Invoker.invokeTestMethod(Invoker.java:716)<br />
              org.testng.internal.Invoker.invokeTestMethods(Invoker.java:988)<br />
              org.testng.internal.TestMethodWorker.invokeTestMethods(TestMethodWorker.java:125)<br />
              org.testng.internal.TestMethodWorker.run(TestMethodWorker.java:109)<br />
              org.testng.TestRunner.privateRun(TestRunner.java:648)<br />
              org.testng.TestRunner.run(TestRunner.java:505)<br />
              org.testng.SuiteRunner.runTest(SuiteRunner.java:455)<br />
              org.testng.SuiteRunner.access$000(SuiteRunner.java:40)<br />
              org.testng.SuiteRunner$SuiteWorker.run(SuiteRunner.java:489)<br />
              org.testng.internal.thread.ThreadUtil$1.call(ThreadUtil.java:52)<br />
              java.util.concurrent.FutureTask.run(FutureTask.java:266)<br />
              java.util.concurrent.ThreadPoolExecutor.runWorker(ThreadPoolExecutor.java:1142)<br />
              java.util.concurrent.ThreadPoolExecutor$Worker.run(ThreadPoolExecutor.java:617)<br />
              java.lang.Thread.run(Thread.java:745)<br />
                    <b>Caused by: </b> <a href="javascript:toggleElement('exception-1', 'block')" title="Click to expand/collapse">org.openqa.selenium.NoSuchElementException: Cannot locate an element using By.xpath: //div[@class=&apos;header_user_info&apos;]/a<br/>
For documentation on this error, please visit: http://seleniumhq.org/exceptions/no_such_element.html<br/>
Build info: version: &apos;3.9.1&apos;, revision: &apos;63f7b50&apos;, time: &apos;2018-02-07T22:25:02.294Z&apos;<br/>
System info: host: &apos;NODE395&apos;, ip: &apos;192.168.194.2&apos;, os.name: &apos;Windows 8.1&apos;, os.arch: &apos;amd64&apos;, os.version: &apos;6.3&apos;, java.version: &apos;1.8.0_45&apos;<br/>
Driver info: driver.version: unknown</a><br />
        <div class="stackTrace" id="exception-1">
                      org.openqa.selenium.support.ui.ExpectedConditions.lambda$findElement$0(ExpectedConditions.java:896)<br />
                      org.openqa.selenium.support.ui.ExpectedConditions$$Lambda$169/430178278.get(Unknown Source)<br />
                      java.util.Optional.orElseThrow(Optional.java:290)<br />
                      org.openqa.selenium.support.ui.ExpectedConditions.findElement(ExpectedConditions.java:895)<br />
                      org.openqa.selenium.support.ui.ExpectedConditions.access$000(ExpectedConditions.java:44)<br />
                      org.openqa.selenium.support.ui.ExpectedConditions$7.apply(ExpectedConditions.java:206)<br />
                      org.openqa.selenium.support.ui.ExpectedConditions$7.apply(ExpectedConditions.java:202)<br />
                      org.openqa.selenium.support.ui.FluentWait.until(FluentWait.java:208)<br />
                      com.claritybot.core.BasePage.waitForElementPresent(BasePage.java:67)<br />
                      com.claritybot.core.BasePage.isElementPresent(BasePage.java:72)<br />
                      com.claritybot.pages.HomePage.&lt;init&gt;(HomePage.java:15)<br />
                      com.claritybot.core.BrowserInstance.appStart(BrowserInstance.java:92)<br />
                      com.claritybot.test.LoginPageTest.failLoginForcefullyForReport(LoginPageTest.java:38)<br />
                      sun.reflect.NativeMethodAccessorImpl.invoke0(Native Method)<br />
                      sun.reflect.NativeMethodAccessorImpl.invoke(NativeMethodAccessorImpl.java:62)<br />
                      sun.reflect.DelegatingMethodAccessorImpl.invoke(DelegatingMethodAccessorImpl.java:43)<br />
                      java.lang.reflect.Method.invoke(Method.java:497)<br />
                      org.testng.internal.MethodInvocationHelper.invokeMethod(MethodInvocationHelper.java:124)<br />
                      org.testng.internal.Invoker.invokeMethod(Invoker.java:580)<br />
                      org.testng.internal.Invoker.invokeTestMethod(Invoker.java:716)<br />
                      org.testng.internal.Invoker.invokeTestMethods(Invoker.java:988)<br />
                      org.testng.internal.TestMethodWorker.invokeTestMethods(TestMethodWorker.java:125)<br />
                      org.testng.internal.TestMethodWorker.run(TestMethodWorker.java:109)<br />
                      org.testng.TestRunner.privateRun(TestRunner.java:648)<br />
                      org.testng.TestRunner.run(TestRunner.java:505)<br />
                      org.testng.SuiteRunner.runTest(SuiteRunner.java:455)<br />
                      org.testng.SuiteRunner.access$000(SuiteRunner.java:40)<br />
                      org.testng.SuiteRunner$SuiteWorker.run(SuiteRunner.java:489)<br />
                      org.testng.internal.thread.ThreadUtil$1.call(ThreadUtil.java:52)<br />
                      java.util.concurrent.FutureTask.run(FutureTask.java:266)<br />
                      java.util.concurrent.ThreadPoolExecutor.runWorker(ThreadPoolExecutor.java:1142)<br />
                      java.util.concurrent.ThreadPoolExecutor$Worker.run(ThreadPoolExecutor.java:617)<br />
                      java.lang.Thread.run(Thread.java:745)<br />
                  </div>
          </div>
      </td>
</tr>
      </table>


  <table class="resultsTable">
    <tr><th colspan="3" class="header passed">Passed Tests</th></tr>
          <tr>
        <td colspan="3" class="group">com.claritybot.test.LoginPageTest</td>
      </tr>
            
<tr>
  <td class="method">
                  verifyLoginWithInvalidCredentials
      </td>
  <td class="duration">
    26.535s
  </td>
  <td class="result">
        
          <i>Method arguments: </i><span class="arguments">{username=admin@tt.com, password=123abc123}</span><br />
    
        

      </td>
</tr>
<tr>
  <td class="method">
                  verifyLoginWithInvalidCredentials
      </td>
  <td class="duration">
    22.681s
  </td>
  <td class="result">
        
          <i>Method arguments: </i><span class="arguments">{username=admin@tt.com, password=Chirag2193}</span><br />
    
        

      </td>
</tr>
<tr>
  <td class="method">
                  verifyLoginWithInvalidCredentials
      </td>
  <td class="duration">
    28.221s
  </td>
  <td class="result">
        
          <i>Method arguments: </i><span class="arguments">{username=Admin@tt.com, password=test234}</span><br />
    
        

      </td>
</tr>
<tr>
  <td class="method">
                  verifyLoginWithValidCredentials
      </td>
  <td class="duration">
    25.538s
  </td>
  <td class="result">
        
          <i>Method arguments: </i><span class="arguments">"example@test.com", "12345678"</span><br />
    
        

      </td>
</tr>
      </table>
  
</body>
</html>
