<?xml version="1.0" encoding="UTF-8"?>
<!-- Generated by org.testng.reporters.JUnitXMLReporter -->
<testsuite hostname="NODE395" ignored="0" name="Meritnation Test run on Chrome" tests="5" failures="1" timestamp="21 Mar 2018 10:58:19 GMT" time="173.193" errors="0">
  <testcase name="failLoginForcefullyForReport" time="32.924" classname="com.claritybot.test.LoginPageTest">
    <failure type="java.lang.AssertionError" message="Expected Results: Login error should be visible">
        <![CDATA[java.lang.AssertionError: Expected Results: Login error should be visible
at com.claritybot.test.LoginPageTest.failLoginForcefullyForReport(LoginPageTest.java:43)
at sun.reflect.NativeMethodAccessorImpl.invoke0(Native Method)
at sun.reflect.NativeMethodAccessorImpl.invoke(NativeMethodAccessorImpl.java:62)
at sun.reflect.DelegatingMethodAccessorImpl.invoke(DelegatingMethodAccessorImpl.java:43)
at java.lang.reflect.Method.invoke(Method.java:497)
at org.testng.internal.MethodInvocationHelper.invokeMethod(MethodInvocationHelper.java:124)
at org.testng.internal.Invoker.invokeMethod(Invoker.java:580)
at org.testng.internal.Invoker.invokeTestMethod(Invoker.java:716)
at org.testng.internal.Invoker.invokeTestMethods(Invoker.java:988)
at org.testng.internal.TestMethodWorker.invokeTestMethods(TestMethodWorker.java:125)
at org.testng.internal.TestMethodWorker.run(TestMethodWorker.java:109)
at org.testng.TestRunner.privateRun(TestRunner.java:648)
at org.testng.TestRunner.run(TestRunner.java:505)
at org.testng.SuiteRunner.runTest(SuiteRunner.java:455)
at org.testng.SuiteRunner.access$000(SuiteRunner.java:40)
at org.testng.SuiteRunner$SuiteWorker.run(SuiteRunner.java:489)
at org.testng.internal.thread.ThreadUtil$1.call(ThreadUtil.java:52)
at java.util.concurrent.FutureTask.run(FutureTask.java:266)
at java.util.concurrent.ThreadPoolExecutor.runWorker(ThreadPoolExecutor.java:1142)
at java.util.concurrent.ThreadPoolExecutor$Worker.run(ThreadPoolExecutor.java:617)
at java.lang.Thread.run(Thread.java:745)
]]>
    </failure>
  </testcase> <!-- failLoginForcefullyForReport -->
  <testcase name="verifyLoginWithInvalidCredentials" time="23.345" classname="com.claritybot.test.LoginPageTest"/>
  <testcase name="verifyLoginWithInvalidCredentials" time="27.249" classname="com.claritybot.test.LoginPageTest"/>
  <testcase name="verifyLoginWithInvalidCredentials" time="26.305" classname="com.claritybot.test.LoginPageTest"/>
  <testcase name="verifyLoginWithValidCredentials" time="33.583" classname="com.claritybot.test.LoginPageTest"/>
</testsuite> <!-- Meritnation Test run on Chrome -->
