<?xml version="1.0" encoding="UTF-8"?>
<testng-results skipped="0" failed="1" ignored="2" total="3" passed="0">
  <reporter-output>
    <line>
      <![CDATA[<h4>Repro Steps</h4><br>1. Enter invalid credentials<br>2. Click login button<br>3. Check for error message<br>]]>
    </line>
    <line>
      <![CDATA[<a href=E:\workspace_Selenium\GSPANN_POC\test-output\screenshots\failLoginForcefullyForReport23_Mar_2018_02_34_07PM.png>screenshot</a><br>]]>
    </line>
  </reporter-output>
  <suite name="Default suite" duration-ms="65433" started-at="2018-03-23T09:03:04Z" finished-at="2018-03-23T09:04:09Z">
    <groups>
    </groups>
    <test name="Default test" duration-ms="65433" started-at="2018-03-23T09:03:04Z" finished-at="2018-03-23T09:04:09Z">
      <class name="com.claritybot.test.LoginPageTest">
        <test-method status="PASS" signature="init(java.lang.String)[pri:0, instance:com.claritybot.test.LoginPageTest@34c01041]" name="init" is-config="true" duration-ms="23" started-at="2018-03-23T09:03:04Z" finished-at="2018-03-23T09:03:04Z">
          <params>
            <param index="0">
              <value>
                <![CDATA[config.properties]]>
              </value>
            </param>
          </params>
          <reporter-output>
          </reporter-output>
        </test-method> <!-- init -->
        <test-method status="PASS" signature="retryFailedCases(org.testng.ITestContext)[pri:0, instance:com.claritybot.test.LoginPageTest@34c01041]" name="retryFailedCases" is-config="true" duration-ms="2" started-at="2018-03-23T09:03:04Z" finished-at="2018-03-23T09:03:04Z">
          <params>
            <param index="0">
              <value>
                <![CDATA[org.testng.TestRunner@73877e19]]>
              </value>
            </param>
          </params>
          <reporter-output>
          </reporter-output>
        </test-method> <!-- retryFailedCases -->
        <test-method status="PASS" signature="openBrowser(java.lang.String)[pri:0, instance:com.claritybot.test.LoginPageTest@34c01041]" name="openBrowser" is-config="true" duration-ms="25566" started-at="2018-03-23T09:03:04Z" finished-at="2018-03-23T09:03:29Z">
          <params>
            <param index="0">
              <value>
                <![CDATA[firefox]]>
              </value>
            </param>
          </params>
          <reporter-output>
          </reporter-output>
        </test-method> <!-- openBrowser -->
        <test-method status="FAIL" signature="failLoginForcefullyForReport(java.util.Map)[pri:0, instance:com.claritybot.test.LoginPageTest@34c01041]" name="failLoginForcefullyForReport" duration-ms="37924" started-at="2018-03-23T09:03:29Z" data-provider="testDataJSON" finished-at="2018-03-23T09:04:07Z">
          <params>
            <param index="0">
              <value>
                <![CDATA[{username=admin2, password=123abc123}]]>
              </value>
            </param>
          </params>
          <exception class="java.lang.AssertionError">
            <message>
              <![CDATA[Expected Results: Login error should be visible]]>
            </message>
            <full-stacktrace>
                <![CDATA[java.lang.AssertionError: Expected Results: Login error should be visible
at com.claritybot.test.LoginPageTest.failLoginForcefullyForReport(LoginPageTest.java:35)
at sun.reflect.NativeMethodAccessorImpl.invoke0(Native Method)
at sun.reflect.NativeMethodAccessorImpl.invoke(NativeMethodAccessorImpl.java:62)
at sun.reflect.DelegatingMethodAccessorImpl.invoke(DelegatingMethodAccessorImpl.java:43)
at java.lang.reflect.Method.invoke(Method.java:497)
at org.testng.internal.MethodInvocationHelper.invokeMethod(MethodInvocationHelper.java:124)
at org.testng.internal.Invoker.invokeMethod(Invoker.java:580)
at org.testng.internal.Invoker.invokeTestMethod(Invoker.java:716)
at org.testng.internal.Invoker.invokeTestMethods(Invoker.java:988)
at org.testng.internal.TestMethodWorker.invokeTestMethods(TestMethodWorker.java:125)
at org.testng.internal.TestMethodWorker.run(TestMethodWorker.java:109)
at org.testng.TestRunner.privateRun(TestRunner.java:648)
at org.testng.TestRunner.run(TestRunner.java:505)
at org.testng.SuiteRunner.runTest(SuiteRunner.java:455)
at org.testng.SuiteRunner.runSequentially(SuiteRunner.java:450)
at org.testng.SuiteRunner.privateRun(SuiteRunner.java:415)
at org.testng.SuiteRunner.run(SuiteRunner.java:364)
at org.testng.SuiteRunnerWorker.runSuite(SuiteRunnerWorker.java:52)
at org.testng.SuiteRunnerWorker.run(SuiteRunnerWorker.java:84)
at org.testng.TestNG.runSuitesSequentially(TestNG.java:1208)
at org.testng.TestNG.runSuitesLocally(TestNG.java:1137)
at org.testng.TestNG.runSuites(TestNG.java:1049)
at org.testng.TestNG.run(TestNG.java:1017)
at org.testng.remote.AbstractRemoteTestNG.run(AbstractRemoteTestNG.java:114)
at org.testng.remote.RemoteTestNG.initAndRun(RemoteTestNG.java:251)
at org.testng.remote.RemoteTestNG.main(RemoteTestNG.java:77)
]]>
            </full-stacktrace>
          </exception> <!-- java.lang.AssertionError -->
          <reporter-output>
            <line>
              <![CDATA[<h4>Repro Steps</h4><br>1. Enter invalid credentials<br>2. Click login button<br>3. Check for error message<br>]]>
            </line>
            <line>
              <![CDATA[<a href=E:\workspace_Selenium\GSPANN_POC\test-output\screenshots\failLoginForcefullyForReport23_Mar_2018_02_34_07PM.png>screenshot</a><br>]]>
            </line>
          </reporter-output>
        </test-method> <!-- failLoginForcefullyForReport -->
        <test-method status="PASS" signature="tearDown(org.testng.ITestResult)[pri:0, instance:com.claritybot.test.LoginPageTest@34c01041]" name="tearDown" is-config="true" duration-ms="1586" started-at="2018-03-23T09:04:08Z" finished-at="2018-03-23T09:04:09Z">
          <params>
            <param index="0">
              <value>
                  <![CDATA[[TestResult name=failLoginForcefullyForReport status=FAILURE method=LoginPageTest.failLoginForcefullyForReport(java.util.Map)[pri:0, instance:com.claritybot.test.LoginPageTest@34c01041] output=<h4>Repro Steps</h4><br>1. Enter invalid credentials<br>2. Click login button<br>3. Check for error message<br>]]]>
              </value>
            </param>
          </params>
          <reporter-output>
          </reporter-output>
        </test-method> <!-- tearDown -->
      </class> <!-- com.claritybot.test.LoginPageTest -->
    </test> <!-- Default test -->
  </suite> <!-- Default suite -->
</testng-results>
